Terminals unused in grammar

   FUNCTION


语法

    0 $accept: program $end

    1 program: class_defs

    2 class_defs: class_defs class_def
    3           | class_def

    4 class_def: CLASS IDENTIFIER '{' fields '}'
    5          | CLASS IDENTIFIER EXTENDS IDENTIFIER '{' fields '}'
    6          | error IDENTIFIER '{' fields '}'
    7          | CLASS error '{' fields '}'
    8          | CLASS IDENTIFIER error fields '}'
    9          | CLASS IDENTIFIER '{' fields error
   10          | CLASS IDENTIFIER EXTENDS IDENTIFIER '{' error '}'

   11 fields: fields_body
   12       | %empty

   13 fields_body: fields_body field
   14            | field

   15 field: var_def
   16      | func_def

   17 var_def: var_without_initializer_def
   18        | var_with_initializer_def

   19 var_without_initializer_def: var_without_initializer ';'

   20 var_with_initializer_def: var_with_initializer ';'

   21 var_without_initializer: type IDENTIFIER

   22 var_with_initializer: var_without_initializer '=' assign_expr

   23 type: INT
   24     | BOOL
   25     | STRING
   26     | VOID
   27     | CLASS IDENTIFIER
   28     | type '[' ']'

   29 func_def: func_normal_def
   30         | func_anonymous_def

   31 func_normal_def: var_without_initializer '=' '(' formals ')' OP_ARROW '{' stmts '}' ';'

   32 func_anonymous_def: type '(' formals ')' OP_ARROW '{' stmts '}'

   33 formals: formals_body
   34        | VOID
   35        | %empty

   36 formals_body: formals_body ',' var_without_initializer
   37             | var_without_initializer

   38 stmts: stmts stmt
   39      | %empty

   40 stmt: var_def
   41     | expr_stmt
   42     | if_stmt
   43     | while_stmt
   44     | for_stmt
   45     | return_stmt
   46     | print_stmt

   47 expr_stmt: expr ';'
   48          | ';'

   49 if_stmt: IF '(' bool_expr ')' '{' stmts '}'
   50        | IF '(' bool_expr ')' '{' stmts '}' ELSE '{' stmts '}'

   51 while_stmt: WHILE '(' bool_expr ')' '{' stmts '}'

   52 for_stmt: FOR '(' assign_list ';' bool_expr ';' assign_list ')' '{' stmts '}'

   53 return_stmt: RETURN ';'
   54            | RETURN VOID ';'
   55            | RETURN expr ';'

   56 print_stmt: PRINT '(' expr ')' ';'

   57 actuals: actuals_body
   58        | %empty

   59 actuals_body: actuals_body ',' expr
   60             | expr

   61 bool_expr: expr

   62 expr: assign_expr

   63 assign_expr: or_expr
   64            | left_expr '=' assign_expr

   65 assign_list: assign_list_body
   66            | %empty

   67 assign_list_body: assign_list_body ',' assign_expr
   68                 | assign_expr

   69 or_expr: and_expr
   70        | or_expr OP_OR and_expr

   71 and_expr: eq_expr
   72         | and_expr OP_AND eq_expr

   73 eq_expr: cmp_expr
   74        | eq_expr OP_EQ cmp_expr
   75        | eq_expr OP_NE cmp_expr

   76 cmp_expr: add_expr
   77         | cmp_expr '<' add_expr
   78         | cmp_expr '>' add_expr
   79         | cmp_expr OP_LE add_expr
   80         | cmp_expr OP_GE add_expr

   81 add_expr: mul_expr
   82         | add_expr '+' mul_expr
   83         | add_expr '-' mul_expr

   84 mul_expr: unary_expr
   85         | mul_expr '*' unary_expr
   86         | mul_expr '/' unary_expr
   87         | mul_expr '%' unary_expr

   88 unary_expr: left_expr
   89           | THIS
   90           | '+' unary_expr
   91           | '-' unary_expr
   92           | '!' unary_expr

   93 left_expr: prim_expr
   94          | left_expr '[' expr ']'
   95          | left_expr '.' IDENTIFIER
   96          | left_expr '.' IDENTIFIER '(' actuals ')'
   97          | left_expr '(' actuals ')'
   98          | func_anonymous_def '(' actuals ')'

   99 prim_expr: IDENTIFIER
  100          | constant
  101          | '(' expr ')'
  102          | READINTEGER '(' ')'
  103          | READLINE '(' ')'
  104          | NEW IDENTIFIER '(' actuals ')'
  105          | NEW type '[' expr ']'

  106 constant: CONSTANT_INT
  107         | CONSTANT_BOOL
  108         | CONSTANT_STRING
  109         | NIL


Terminals, with rules where they appear

$end (0) 0
'!' (33) 92
'%' (37) 87
'(' (40) 31 32 49 50 51 52 56 96 97 98 101 102 103 104
')' (41) 31 32 49 50 51 52 56 96 97 98 101 102 103 104
'*' (42) 85
'+' (43) 82 90
',' (44) 36 59 67
'-' (45) 83 91
'.' (46) 95 96
'/' (47) 86
';' (59) 19 20 31 47 48 52 53 54 55 56
'<' (60) 77
'=' (61) 22 31 64
'>' (62) 78
'[' (91) 28 94 105
']' (93) 28 94 105
'{' (123) 4 5 6 7 9 10 31 32 49 50 51 52
'}' (125) 4 5 6 7 8 10 31 32 49 50 51 52
error (256) 6 7 8 9 10
IDENTIFIER (258) 4 5 6 8 9 10 21 27 95 96 99 104
CONSTANT_BOOL (259) 107
CONSTANT_INT (260) 106
CONSTANT_STRING (261) 108
OP_AND (262) 72
OP_OR (263) 70
OP_LE (264) 79
OP_GE (265) 80
OP_EQ (266) 74
OP_NE (267) 75
OP_ARROW (268) 31 32
BOOL (269) 24
INT (270) 23
STRING (271) 25
FUNCTION (272)
NIL (273) 109
VOID (274) 26 34 54
CLASS (275) 4 5 7 8 9 10 27
EXTENDS (276) 5 10
NEW (277) 104 105
THIS (278) 89
IF (279) 49 50
ELSE (280) 50
FOR (281) 52
WHILE (282) 51
RETURN (283) 53 54 55
PRINT (284) 56
READINTEGER (285) 102
READLINE (286) 103
CLASS_MEMBER (287)
NOELSE (288)


Nonterminals, with rules where they appear

$accept (52)
    左： 0
program (53)
    左： 1, 右： 0
class_defs (54)
    左： 2 3, 右： 1 2
class_def (55)
    左： 4 5 6 7 8 9 10, 右： 2 3
fields (56)
    左： 11 12, 右： 4 5 6 7 8 9
fields_body (57)
    左： 13 14, 右： 11 13
field (58)
    左： 15 16, 右： 13 14
var_def (59)
    左： 17 18, 右： 15 40
var_without_initializer_def (60)
    左： 19, 右： 17
var_with_initializer_def (61)
    左： 20, 右： 18
var_without_initializer (62)
    左： 21, 右： 19 22 31 36 37
var_with_initializer (63)
    左： 22, 右： 20
type (64)
    左： 23 24 25 26 27 28, 右： 21 28 32 105
func_def (65)
    左： 29 30, 右： 16
func_normal_def (66)
    左： 31, 右： 29
func_anonymous_def (67)
    左： 32, 右： 30 98
formals (68)
    左： 33 34 35, 右： 31 32
formals_body (69)
    左： 36 37, 右： 33 36
stmts (70)
    左： 38 39, 右： 31 32 38 49 50 51 52
stmt (71)
    左： 40 41 42 43 44 45 46, 右： 38
expr_stmt (72)
    左： 47 48, 右： 41
if_stmt (73)
    左： 49 50, 右： 42
while_stmt (74)
    左： 51, 右： 43
for_stmt (75)
    左： 52, 右： 44
return_stmt (76)
    左： 53 54 55, 右： 45
print_stmt (77)
    左： 56, 右： 46
actuals (78)
    左： 57 58, 右： 96 97 98 104
actuals_body (79)
    左： 59 60, 右： 57 59
bool_expr (80)
    左： 61, 右： 49 50 51 52
expr (81)
    左： 62, 右： 47 55 56 59 60 61 94 101 105
assign_expr (82)
    左： 63 64, 右： 22 62 64 67 68
assign_list (83)
    左： 65 66, 右： 52
assign_list_body (84)
    左： 67 68, 右： 65 67
or_expr (85)
    左： 69 70, 右： 63 70
and_expr (86)
    左： 71 72, 右： 69 70 72
eq_expr (87)
    左： 73 74 75, 右： 71 72 74 75
cmp_expr (88)
    左： 76 77 78 79 80, 右： 73 74 75 77 78 79 80
add_expr (89)
    左： 81 82 83, 右： 76 77 78 79 80 82 83
mul_expr (90)
    左： 84 85 86 87, 右： 81 82 83 85 86 87
unary_expr (91)
    左： 88 89 90 91 92, 右： 84 85 86 87 90 91 92
left_expr (92)
    左： 93 94 95 96 97 98, 右： 64 88 94 95 96 97
prim_expr (93)
    左： 99 100 101 102 103 104 105, 右： 93
constant (94)
    左： 106 107 108 109, 右： 100


State 0

    0 $accept: . program $end

    error  shift, and go to state 1
    CLASS  shift, and go to state 2

    program     转到状态 3
    class_defs  转到状态 4
    class_def   转到状态 5


State 1

    6 class_def: error . IDENTIFIER '{' fields '}'

    IDENTIFIER  shift, and go to state 6


State 2

    4 class_def: CLASS . IDENTIFIER '{' fields '}'
    5          | CLASS . IDENTIFIER EXTENDS IDENTIFIER '{' fields '}'
    7          | CLASS . error '{' fields '}'
    8          | CLASS . IDENTIFIER error fields '}'
    9          | CLASS . IDENTIFIER '{' fields error
   10          | CLASS . IDENTIFIER EXTENDS IDENTIFIER '{' error '}'

    error       shift, and go to state 7
    IDENTIFIER  shift, and go to state 8


State 3

    0 $accept: program . $end

    $end  shift, and go to state 9


State 4

    1 program: class_defs .
    2 class_defs: class_defs . class_def

    error  shift, and go to state 1
    CLASS  shift, and go to state 2

    $end  reduce using rule 1 (program)

    class_def  转到状态 10


State 5

    3 class_defs: class_def .

    $default  reduce using rule 3 (class_defs)


State 6

    6 class_def: error IDENTIFIER . '{' fields '}'

    '{'  shift, and go to state 11


State 7

    7 class_def: CLASS error . '{' fields '}'

    '{'  shift, and go to state 12


State 8

    4 class_def: CLASS IDENTIFIER . '{' fields '}'
    5          | CLASS IDENTIFIER . EXTENDS IDENTIFIER '{' fields '}'
    8          | CLASS IDENTIFIER . error fields '}'
    9          | CLASS IDENTIFIER . '{' fields error
   10          | CLASS IDENTIFIER . EXTENDS IDENTIFIER '{' error '}'

    error    shift, and go to state 13
    EXTENDS  shift, and go to state 14
    '{'      shift, and go to state 15


State 9

    0 $accept: program $end .

    $default  接受


State 10

    2 class_defs: class_defs class_def .

    $default  reduce using rule 2 (class_defs)


State 11

    6 class_def: error IDENTIFIER '{' . fields '}'

    BOOL    shift, and go to state 16
    INT     shift, and go to state 17
    STRING  shift, and go to state 18
    VOID    shift, and go to state 19
    CLASS   shift, and go to state 20

    $default  reduce using rule 12 (fields)

    fields                       转到状态 21
    fields_body                  转到状态 22
    field                        转到状态 23
    var_def                      转到状态 24
    var_without_initializer_def  转到状态 25
    var_with_initializer_def     转到状态 26
    var_without_initializer      转到状态 27
    var_with_initializer         转到状态 28
    type                         转到状态 29
    func_def                     转到状态 30
    func_normal_def              转到状态 31
    func_anonymous_def           转到状态 32


State 12

    7 class_def: CLASS error '{' . fields '}'

    BOOL    shift, and go to state 16
    INT     shift, and go to state 17
    STRING  shift, and go to state 18
    VOID    shift, and go to state 19
    CLASS   shift, and go to state 20

    $default  reduce using rule 12 (fields)

    fields                       转到状态 33
    fields_body                  转到状态 22
    field                        转到状态 23
    var_def                      转到状态 24
    var_without_initializer_def  转到状态 25
    var_with_initializer_def     转到状态 26
    var_without_initializer      转到状态 27
    var_with_initializer         转到状态 28
    type                         转到状态 29
    func_def                     转到状态 30
    func_normal_def              转到状态 31
    func_anonymous_def           转到状态 32


State 13

    8 class_def: CLASS IDENTIFIER error . fields '}'

    BOOL    shift, and go to state 16
    INT     shift, and go to state 17
    STRING  shift, and go to state 18
    VOID    shift, and go to state 19
    CLASS   shift, and go to state 20

    $default  reduce using rule 12 (fields)

    fields                       转到状态 34
    fields_body                  转到状态 22
    field                        转到状态 23
    var_def                      转到状态 24
    var_without_initializer_def  转到状态 25
    var_with_initializer_def     转到状态 26
    var_without_initializer      转到状态 27
    var_with_initializer         转到状态 28
    type                         转到状态 29
    func_def                     转到状态 30
    func_normal_def              转到状态 31
    func_anonymous_def           转到状态 32


State 14

    5 class_def: CLASS IDENTIFIER EXTENDS . IDENTIFIER '{' fields '}'
   10          | CLASS IDENTIFIER EXTENDS . IDENTIFIER '{' error '}'

    IDENTIFIER  shift, and go to state 35


State 15

    4 class_def: CLASS IDENTIFIER '{' . fields '}'
    9          | CLASS IDENTIFIER '{' . fields error

    BOOL    shift, and go to state 16
    INT     shift, and go to state 17
    STRING  shift, and go to state 18
    VOID    shift, and go to state 19
    CLASS   shift, and go to state 20

    $default  reduce using rule 12 (fields)

    fields                       转到状态 36
    fields_body                  转到状态 22
    field                        转到状态 23
    var_def                      转到状态 24
    var_without_initializer_def  转到状态 25
    var_with_initializer_def     转到状态 26
    var_without_initializer      转到状态 27
    var_with_initializer         转到状态 28
    type                         转到状态 29
    func_def                     转到状态 30
    func_normal_def              转到状态 31
    func_anonymous_def           转到状态 32


State 16

   24 type: BOOL .

    $default  reduce using rule 24 (type)


State 17

   23 type: INT .

    $default  reduce using rule 23 (type)


State 18

   25 type: STRING .

    $default  reduce using rule 25 (type)


State 19

   26 type: VOID .

    $default  reduce using rule 26 (type)


State 20

   27 type: CLASS . IDENTIFIER

    IDENTIFIER  shift, and go to state 37


State 21

    6 class_def: error IDENTIFIER '{' fields . '}'

    '}'  shift, and go to state 38


State 22

   11 fields: fields_body .
   13 fields_body: fields_body . field

    BOOL    shift, and go to state 16
    INT     shift, and go to state 17
    STRING  shift, and go to state 18
    VOID    shift, and go to state 19
    CLASS   shift, and go to state 20

    $default  reduce using rule 11 (fields)

    field                        转到状态 39
    var_def                      转到状态 24
    var_without_initializer_def  转到状态 25
    var_with_initializer_def     转到状态 26
    var_without_initializer      转到状态 27
    var_with_initializer         转到状态 28
    type                         转到状态 29
    func_def                     转到状态 30
    func_normal_def              转到状态 31
    func_anonymous_def           转到状态 32


State 23

   14 fields_body: field .

    $default  reduce using rule 14 (fields_body)


State 24

   15 field: var_def .

    $default  reduce using rule 15 (field)


State 25

   17 var_def: var_without_initializer_def .

    $default  reduce using rule 17 (var_def)


State 26

   18 var_def: var_with_initializer_def .

    $default  reduce using rule 18 (var_def)


State 27

   19 var_without_initializer_def: var_without_initializer . ';'
   22 var_with_initializer: var_without_initializer . '=' assign_expr
   31 func_normal_def: var_without_initializer . '=' '(' formals ')' OP_ARROW '{' stmts '}' ';'

    ';'  shift, and go to state 40
    '='  shift, and go to state 41


State 28

   20 var_with_initializer_def: var_with_initializer . ';'

    ';'  shift, and go to state 42


State 29

   21 var_without_initializer: type . IDENTIFIER
   28 type: type . '[' ']'
   32 func_anonymous_def: type . '(' formals ')' OP_ARROW '{' stmts '}'

    IDENTIFIER  shift, and go to state 43
    '('         shift, and go to state 44
    '['         shift, and go to state 45


State 30

   16 field: func_def .

    $default  reduce using rule 16 (field)


State 31

   29 func_def: func_normal_def .

    $default  reduce using rule 29 (func_def)


State 32

   30 func_def: func_anonymous_def .

    $default  reduce using rule 30 (func_def)


State 33

    7 class_def: CLASS error '{' fields . '}'

    '}'  shift, and go to state 46


State 34

    8 class_def: CLASS IDENTIFIER error fields . '}'

    '}'  shift, and go to state 47


State 35

    5 class_def: CLASS IDENTIFIER EXTENDS IDENTIFIER . '{' fields '}'
   10          | CLASS IDENTIFIER EXTENDS IDENTIFIER . '{' error '}'

    '{'  shift, and go to state 48


State 36

    4 class_def: CLASS IDENTIFIER '{' fields . '}'
    9          | CLASS IDENTIFIER '{' fields . error

    error  shift, and go to state 49
    '}'    shift, and go to state 50


State 37

   27 type: CLASS IDENTIFIER .

    $default  reduce using rule 27 (type)


State 38

    6 class_def: error IDENTIFIER '{' fields '}' .

    $default  reduce using rule 6 (class_def)


State 39

   13 fields_body: fields_body field .

    $default  reduce using rule 13 (fields_body)


State 40

   19 var_without_initializer_def: var_without_initializer ';' .

    $default  reduce using rule 19 (var_without_initializer_def)


State 41

   22 var_with_initializer: var_without_initializer '=' . assign_expr
   31 func_normal_def: var_without_initializer '=' . '(' formals ')' OP_ARROW '{' stmts '}' ';'

    IDENTIFIER       shift, and go to state 51
    CONSTANT_BOOL    shift, and go to state 52
    CONSTANT_INT     shift, and go to state 53
    CONSTANT_STRING  shift, and go to state 54
    BOOL             shift, and go to state 16
    INT              shift, and go to state 17
    STRING           shift, and go to state 18
    NIL              shift, and go to state 55
    VOID             shift, and go to state 19
    CLASS            shift, and go to state 20
    NEW              shift, and go to state 56
    THIS             shift, and go to state 57
    READINTEGER      shift, and go to state 58
    READLINE         shift, and go to state 59
    '('              shift, and go to state 60
    '+'              shift, and go to state 61
    '-'              shift, and go to state 62
    '!'              shift, and go to state 63

    type                转到状态 64
    func_anonymous_def  转到状态 65
    assign_expr         转到状态 66
    or_expr             转到状态 67
    and_expr            转到状态 68
    eq_expr             转到状态 69
    cmp_expr            转到状态 70
    add_expr            转到状态 71
    mul_expr            转到状态 72
    unary_expr          转到状态 73
    left_expr           转到状态 74
    prim_expr           转到状态 75
    constant            转到状态 76


State 42

   20 var_with_initializer_def: var_with_initializer ';' .

    $default  reduce using rule 20 (var_with_initializer_def)


State 43

   21 var_without_initializer: type IDENTIFIER .

    $default  reduce using rule 21 (var_without_initializer)


State 44

   32 func_anonymous_def: type '(' . formals ')' OP_ARROW '{' stmts '}'

    BOOL    shift, and go to state 16
    INT     shift, and go to state 17
    STRING  shift, and go to state 18
    VOID    shift, and go to state 77
    CLASS   shift, and go to state 20

    $default  reduce using rule 35 (formals)

    var_without_initializer  转到状态 78
    type                     转到状态 79
    formals                  转到状态 80
    formals_body             转到状态 81


State 45

   28 type: type '[' . ']'

    ']'  shift, and go to state 82


State 46

    7 class_def: CLASS error '{' fields '}' .

    $default  reduce using rule 7 (class_def)


State 47

    8 class_def: CLASS IDENTIFIER error fields '}' .

    $default  reduce using rule 8 (class_def)


State 48

    5 class_def: CLASS IDENTIFIER EXTENDS IDENTIFIER '{' . fields '}'
   10          | CLASS IDENTIFIER EXTENDS IDENTIFIER '{' . error '}'

    error   shift, and go to state 83
    BOOL    shift, and go to state 16
    INT     shift, and go to state 17
    STRING  shift, and go to state 18
    VOID    shift, and go to state 19
    CLASS   shift, and go to state 20

    '}'  reduce using rule 12 (fields)

    fields                       转到状态 84
    fields_body                  转到状态 22
    field                        转到状态 23
    var_def                      转到状态 24
    var_without_initializer_def  转到状态 25
    var_with_initializer_def     转到状态 26
    var_without_initializer      转到状态 27
    var_with_initializer         转到状态 28
    type                         转到状态 29
    func_def                     转到状态 30
    func_normal_def              转到状态 31
    func_anonymous_def           转到状态 32


State 49

    9 class_def: CLASS IDENTIFIER '{' fields error .

    $default  reduce using rule 9 (class_def)


State 50

    4 class_def: CLASS IDENTIFIER '{' fields '}' .

    $default  reduce using rule 4 (class_def)


State 51

   99 prim_expr: IDENTIFIER .

    $default  reduce using rule 99 (prim_expr)


State 52

  107 constant: CONSTANT_BOOL .

    $default  reduce using rule 107 (constant)


State 53

  106 constant: CONSTANT_INT .

    $default  reduce using rule 106 (constant)


State 54

  108 constant: CONSTANT_STRING .

    $default  reduce using rule 108 (constant)


State 55

  109 constant: NIL .

    $default  reduce using rule 109 (constant)


State 56

  104 prim_expr: NEW . IDENTIFIER '(' actuals ')'
  105          | NEW . type '[' expr ']'

    IDENTIFIER  shift, and go to state 85
    BOOL        shift, and go to state 16
    INT         shift, and go to state 17
    STRING      shift, and go to state 18
    VOID        shift, and go to state 19
    CLASS       shift, and go to state 20

    type  转到状态 86


State 57

   89 unary_expr: THIS .

    $default  reduce using rule 89 (unary_expr)


State 58

  102 prim_expr: READINTEGER . '(' ')'

    '('  shift, and go to state 87


State 59

  103 prim_expr: READLINE . '(' ')'

    '('  shift, and go to state 88


State 60

   31 func_normal_def: var_without_initializer '=' '(' . formals ')' OP_ARROW '{' stmts '}' ';'
  101 prim_expr: '(' . expr ')'

    IDENTIFIER       shift, and go to state 51
    CONSTANT_BOOL    shift, and go to state 52
    CONSTANT_INT     shift, and go to state 53
    CONSTANT_STRING  shift, and go to state 54
    BOOL             shift, and go to state 16
    INT              shift, and go to state 17
    STRING           shift, and go to state 18
    NIL              shift, and go to state 55
    VOID             shift, and go to state 77
    CLASS            shift, and go to state 20
    NEW              shift, and go to state 56
    THIS             shift, and go to state 57
    READINTEGER      shift, and go to state 58
    READLINE         shift, and go to state 59
    '('              shift, and go to state 89
    '+'              shift, and go to state 61
    '-'              shift, and go to state 62
    '!'              shift, and go to state 63

    $default  reduce using rule 35 (formals)

    var_without_initializer  转到状态 78
    type                     转到状态 29
    func_anonymous_def       转到状态 65
    formals                  转到状态 90
    formals_body             转到状态 81
    expr                     转到状态 91
    assign_expr              转到状态 92
    or_expr                  转到状态 67
    and_expr                 转到状态 68
    eq_expr                  转到状态 69
    cmp_expr                 转到状态 70
    add_expr                 转到状态 71
    mul_expr                 转到状态 72
    unary_expr               转到状态 73
    left_expr                转到状态 74
    prim_expr                转到状态 75
    constant                 转到状态 76


State 61

   90 unary_expr: '+' . unary_expr

    IDENTIFIER       shift, and go to state 51
    CONSTANT_BOOL    shift, and go to state 52
    CONSTANT_INT     shift, and go to state 53
    CONSTANT_STRING  shift, and go to state 54
    BOOL             shift, and go to state 16
    INT              shift, and go to state 17
    STRING           shift, and go to state 18
    NIL              shift, and go to state 55
    VOID             shift, and go to state 19
    CLASS            shift, and go to state 20
    NEW              shift, and go to state 56
    THIS             shift, and go to state 57
    READINTEGER      shift, and go to state 58
    READLINE         shift, and go to state 59
    '('              shift, and go to state 89
    '+'              shift, and go to state 61
    '-'              shift, and go to state 62
    '!'              shift, and go to state 63

    type                转到状态 64
    func_anonymous_def  转到状态 65
    unary_expr          转到状态 93
    left_expr           转到状态 94
    prim_expr           转到状态 75
    constant            转到状态 76


State 62

   91 unary_expr: '-' . unary_expr

    IDENTIFIER       shift, and go to state 51
    CONSTANT_BOOL    shift, and go to state 52
    CONSTANT_INT     shift, and go to state 53
    CONSTANT_STRING  shift, and go to state 54
    BOOL             shift, and go to state 16
    INT              shift, and go to state 17
    STRING           shift, and go to state 18
    NIL              shift, and go to state 55
    VOID             shift, and go to state 19
    CLASS            shift, and go to state 20
    NEW              shift, and go to state 56
    THIS             shift, and go to state 57
    READINTEGER      shift, and go to state 58
    READLINE         shift, and go to state 59
    '('              shift, and go to state 89
    '+'              shift, and go to state 61
    '-'              shift, and go to state 62
    '!'              shift, and go to state 63

    type                转到状态 64
    func_anonymous_def  转到状态 65
    unary_expr          转到状态 95
    left_expr           转到状态 94
    prim_expr           转到状态 75
    constant            转到状态 76


State 63

   92 unary_expr: '!' . unary_expr

    IDENTIFIER       shift, and go to state 51
    CONSTANT_BOOL    shift, and go to state 52
    CONSTANT_INT     shift, and go to state 53
    CONSTANT_STRING  shift, and go to state 54
    BOOL             shift, and go to state 16
    INT              shift, and go to state 17
    STRING           shift, and go to state 18
    NIL              shift, and go to state 55
    VOID             shift, and go to state 19
    CLASS            shift, and go to state 20
    NEW              shift, and go to state 56
    THIS             shift, and go to state 57
    READINTEGER      shift, and go to state 58
    READLINE         shift, and go to state 59
    '('              shift, and go to state 89
    '+'              shift, and go to state 61
    '-'              shift, and go to state 62
    '!'              shift, and go to state 63

    type                转到状态 64
    func_anonymous_def  转到状态 65
    unary_expr          转到状态 96
    left_expr           转到状态 94
    prim_expr           转到状态 75
    constant            转到状态 76


State 64

   28 type: type . '[' ']'
   32 func_anonymous_def: type . '(' formals ')' OP_ARROW '{' stmts '}'

    '('  shift, and go to state 44
    '['  shift, and go to state 45


State 65

   98 left_expr: func_anonymous_def . '(' actuals ')'

    '('  shift, and go to state 97


State 66

   22 var_with_initializer: var_without_initializer '=' assign_expr .

    $default  reduce using rule 22 (var_with_initializer)


State 67

   63 assign_expr: or_expr .
   70 or_expr: or_expr . OP_OR and_expr

    OP_OR  shift, and go to state 98

    $default  reduce using rule 63 (assign_expr)


State 68

   69 or_expr: and_expr .
   72 and_expr: and_expr . OP_AND eq_expr

    OP_AND  shift, and go to state 99

    $default  reduce using rule 69 (or_expr)


State 69

   71 and_expr: eq_expr .
   74 eq_expr: eq_expr . OP_EQ cmp_expr
   75        | eq_expr . OP_NE cmp_expr

    OP_EQ  shift, and go to state 100
    OP_NE  shift, and go to state 101

    $default  reduce using rule 71 (and_expr)


State 70

   73 eq_expr: cmp_expr .
   77 cmp_expr: cmp_expr . '<' add_expr
   78         | cmp_expr . '>' add_expr
   79         | cmp_expr . OP_LE add_expr
   80         | cmp_expr . OP_GE add_expr

    OP_LE  shift, and go to state 102
    OP_GE  shift, and go to state 103
    '<'    shift, and go to state 104
    '>'    shift, and go to state 105

    $default  reduce using rule 73 (eq_expr)


State 71

   76 cmp_expr: add_expr .
   82 add_expr: add_expr . '+' mul_expr
   83         | add_expr . '-' mul_expr

    '+'  shift, and go to state 106
    '-'  shift, and go to state 107

    $default  reduce using rule 76 (cmp_expr)


State 72

   81 add_expr: mul_expr .
   85 mul_expr: mul_expr . '*' unary_expr
   86         | mul_expr . '/' unary_expr
   87         | mul_expr . '%' unary_expr

    '*'  shift, and go to state 108
    '/'  shift, and go to state 109
    '%'  shift, and go to state 110

    $default  reduce using rule 81 (add_expr)


State 73

   84 mul_expr: unary_expr .

    $default  reduce using rule 84 (mul_expr)


State 74

   64 assign_expr: left_expr . '=' assign_expr
   88 unary_expr: left_expr .
   94 left_expr: left_expr . '[' expr ']'
   95          | left_expr . '.' IDENTIFIER
   96          | left_expr . '.' IDENTIFIER '(' actuals ')'
   97          | left_expr . '(' actuals ')'

    '('  shift, and go to state 111
    '='  shift, and go to state 112
    '['  shift, and go to state 113
    '.'  shift, and go to state 114

    $default  reduce using rule 88 (unary_expr)


State 75

   93 left_expr: prim_expr .

    $default  reduce using rule 93 (left_expr)


State 76

  100 prim_expr: constant .

    $default  reduce using rule 100 (prim_expr)


State 77

   26 type: VOID .
   34 formals: VOID .

    ')'       reduce using rule 34 (formals)
    $default  reduce using rule 26 (type)


State 78

   37 formals_body: var_without_initializer .

    $default  reduce using rule 37 (formals_body)


State 79

   21 var_without_initializer: type . IDENTIFIER
   28 type: type . '[' ']'

    IDENTIFIER  shift, and go to state 43
    '['         shift, and go to state 45


State 80

   32 func_anonymous_def: type '(' formals . ')' OP_ARROW '{' stmts '}'

    ')'  shift, and go to state 115


State 81

   33 formals: formals_body .
   36 formals_body: formals_body . ',' var_without_initializer

    ','  shift, and go to state 116

    $default  reduce using rule 33 (formals)


State 82

   28 type: type '[' ']' .

    $default  reduce using rule 28 (type)


State 83

   10 class_def: CLASS IDENTIFIER EXTENDS IDENTIFIER '{' error . '}'

    '}'  shift, and go to state 117


State 84

    5 class_def: CLASS IDENTIFIER EXTENDS IDENTIFIER '{' fields . '}'

    '}'  shift, and go to state 118


State 85

  104 prim_expr: NEW IDENTIFIER . '(' actuals ')'

    '('  shift, and go to state 119


State 86

   28 type: type . '[' ']'
  105 prim_expr: NEW type . '[' expr ']'

    '['  shift, and go to state 120


State 87

  102 prim_expr: READINTEGER '(' . ')'

    ')'  shift, and go to state 121


State 88

  103 prim_expr: READLINE '(' . ')'

    ')'  shift, and go to state 122


State 89

  101 prim_expr: '(' . expr ')'

    IDENTIFIER       shift, and go to state 51
    CONSTANT_BOOL    shift, and go to state 52
    CONSTANT_INT     shift, and go to state 53
    CONSTANT_STRING  shift, and go to state 54
    BOOL             shift, and go to state 16
    INT              shift, and go to state 17
    STRING           shift, and go to state 18
    NIL              shift, and go to state 55
    VOID             shift, and go to state 19
    CLASS            shift, and go to state 20
    NEW              shift, and go to state 56
    THIS             shift, and go to state 57
    READINTEGER      shift, and go to state 58
    READLINE         shift, and go to state 59
    '('              shift, and go to state 89
    '+'              shift, and go to state 61
    '-'              shift, and go to state 62
    '!'              shift, and go to state 63

    type                转到状态 64
    func_anonymous_def  转到状态 65
    expr                转到状态 91
    assign_expr         转到状态 92
    or_expr             转到状态 67
    and_expr            转到状态 68
    eq_expr             转到状态 69
    cmp_expr            转到状态 70
    add_expr            转到状态 71
    mul_expr            转到状态 72
    unary_expr          转到状态 73
    left_expr           转到状态 74
    prim_expr           转到状态 75
    constant            转到状态 76


State 90

   31 func_normal_def: var_without_initializer '=' '(' formals . ')' OP_ARROW '{' stmts '}' ';'

    ')'  shift, and go to state 123


State 91

  101 prim_expr: '(' expr . ')'

    ')'  shift, and go to state 124


State 92

   62 expr: assign_expr .

    $default  reduce using rule 62 (expr)


State 93

   90 unary_expr: '+' unary_expr .

    $default  reduce using rule 90 (unary_expr)


State 94

   88 unary_expr: left_expr .
   94 left_expr: left_expr . '[' expr ']'
   95          | left_expr . '.' IDENTIFIER
   96          | left_expr . '.' IDENTIFIER '(' actuals ')'
   97          | left_expr . '(' actuals ')'

    '('  shift, and go to state 111
    '['  shift, and go to state 113
    '.'  shift, and go to state 114

    $default  reduce using rule 88 (unary_expr)


State 95

   91 unary_expr: '-' unary_expr .

    $default  reduce using rule 91 (unary_expr)


State 96

   92 unary_expr: '!' unary_expr .

    $default  reduce using rule 92 (unary_expr)


State 97

   98 left_expr: func_anonymous_def '(' . actuals ')'

    IDENTIFIER       shift, and go to state 51
    CONSTANT_BOOL    shift, and go to state 52
    CONSTANT_INT     shift, and go to state 53
    CONSTANT_STRING  shift, and go to state 54
    BOOL             shift, and go to state 16
    INT              shift, and go to state 17
    STRING           shift, and go to state 18
    NIL              shift, and go to state 55
    VOID             shift, and go to state 19
    CLASS            shift, and go to state 20
    NEW              shift, and go to state 56
    THIS             shift, and go to state 57
    READINTEGER      shift, and go to state 58
    READLINE         shift, and go to state 59
    '('              shift, and go to state 89
    '+'              shift, and go to state 61
    '-'              shift, and go to state 62
    '!'              shift, and go to state 63

    $default  reduce using rule 58 (actuals)

    type                转到状态 64
    func_anonymous_def  转到状态 65
    actuals             转到状态 125
    actuals_body        转到状态 126
    expr                转到状态 127
    assign_expr         转到状态 92
    or_expr             转到状态 67
    and_expr            转到状态 68
    eq_expr             转到状态 69
    cmp_expr            转到状态 70
    add_expr            转到状态 71
    mul_expr            转到状态 72
    unary_expr          转到状态 73
    left_expr           转到状态 74
    prim_expr           转到状态 75
    constant            转到状态 76


State 98

   70 or_expr: or_expr OP_OR . and_expr

    IDENTIFIER       shift, and go to state 51
    CONSTANT_BOOL    shift, and go to state 52
    CONSTANT_INT     shift, and go to state 53
    CONSTANT_STRING  shift, and go to state 54
    BOOL             shift, and go to state 16
    INT              shift, and go to state 17
    STRING           shift, and go to state 18
    NIL              shift, and go to state 55
    VOID             shift, and go to state 19
    CLASS            shift, and go to state 20
    NEW              shift, and go to state 56
    THIS             shift, and go to state 57
    READINTEGER      shift, and go to state 58
    READLINE         shift, and go to state 59
    '('              shift, and go to state 89
    '+'              shift, and go to state 61
    '-'              shift, and go to state 62
    '!'              shift, and go to state 63

    type                转到状态 64
    func_anonymous_def  转到状态 65
    and_expr            转到状态 128
    eq_expr             转到状态 69
    cmp_expr            转到状态 70
    add_expr            转到状态 71
    mul_expr            转到状态 72
    unary_expr          转到状态 73
    left_expr           转到状态 94
    prim_expr           转到状态 75
    constant            转到状态 76


State 99

   72 and_expr: and_expr OP_AND . eq_expr

    IDENTIFIER       shift, and go to state 51
    CONSTANT_BOOL    shift, and go to state 52
    CONSTANT_INT     shift, and go to state 53
    CONSTANT_STRING  shift, and go to state 54
    BOOL             shift, and go to state 16
    INT              shift, and go to state 17
    STRING           shift, and go to state 18
    NIL              shift, and go to state 55
    VOID             shift, and go to state 19
    CLASS            shift, and go to state 20
    NEW              shift, and go to state 56
    THIS             shift, and go to state 57
    READINTEGER      shift, and go to state 58
    READLINE         shift, and go to state 59
    '('              shift, and go to state 89
    '+'              shift, and go to state 61
    '-'              shift, and go to state 62
    '!'              shift, and go to state 63

    type                转到状态 64
    func_anonymous_def  转到状态 65
    eq_expr             转到状态 129
    cmp_expr            转到状态 70
    add_expr            转到状态 71
    mul_expr            转到状态 72
    unary_expr          转到状态 73
    left_expr           转到状态 94
    prim_expr           转到状态 75
    constant            转到状态 76


State 100

   74 eq_expr: eq_expr OP_EQ . cmp_expr

    IDENTIFIER       shift, and go to state 51
    CONSTANT_BOOL    shift, and go to state 52
    CONSTANT_INT     shift, and go to state 53
    CONSTANT_STRING  shift, and go to state 54
    BOOL             shift, and go to state 16
    INT              shift, and go to state 17
    STRING           shift, and go to state 18
    NIL              shift, and go to state 55
    VOID             shift, and go to state 19
    CLASS            shift, and go to state 20
    NEW              shift, and go to state 56
    THIS             shift, and go to state 57
    READINTEGER      shift, and go to state 58
    READLINE         shift, and go to state 59
    '('              shift, and go to state 89
    '+'              shift, and go to state 61
    '-'              shift, and go to state 62
    '!'              shift, and go to state 63

    type                转到状态 64
    func_anonymous_def  转到状态 65
    cmp_expr            转到状态 130
    add_expr            转到状态 71
    mul_expr            转到状态 72
    unary_expr          转到状态 73
    left_expr           转到状态 94
    prim_expr           转到状态 75
    constant            转到状态 76


State 101

   75 eq_expr: eq_expr OP_NE . cmp_expr

    IDENTIFIER       shift, and go to state 51
    CONSTANT_BOOL    shift, and go to state 52
    CONSTANT_INT     shift, and go to state 53
    CONSTANT_STRING  shift, and go to state 54
    BOOL             shift, and go to state 16
    INT              shift, and go to state 17
    STRING           shift, and go to state 18
    NIL              shift, and go to state 55
    VOID             shift, and go to state 19
    CLASS            shift, and go to state 20
    NEW              shift, and go to state 56
    THIS             shift, and go to state 57
    READINTEGER      shift, and go to state 58
    READLINE         shift, and go to state 59
    '('              shift, and go to state 89
    '+'              shift, and go to state 61
    '-'              shift, and go to state 62
    '!'              shift, and go to state 63

    type                转到状态 64
    func_anonymous_def  转到状态 65
    cmp_expr            转到状态 131
    add_expr            转到状态 71
    mul_expr            转到状态 72
    unary_expr          转到状态 73
    left_expr           转到状态 94
    prim_expr           转到状态 75
    constant            转到状态 76


State 102

   79 cmp_expr: cmp_expr OP_LE . add_expr

    IDENTIFIER       shift, and go to state 51
    CONSTANT_BOOL    shift, and go to state 52
    CONSTANT_INT     shift, and go to state 53
    CONSTANT_STRING  shift, and go to state 54
    BOOL             shift, and go to state 16
    INT              shift, and go to state 17
    STRING           shift, and go to state 18
    NIL              shift, and go to state 55
    VOID             shift, and go to state 19
    CLASS            shift, and go to state 20
    NEW              shift, and go to state 56
    THIS             shift, and go to state 57
    READINTEGER      shift, and go to state 58
    READLINE         shift, and go to state 59
    '('              shift, and go to state 89
    '+'              shift, and go to state 61
    '-'              shift, and go to state 62
    '!'              shift, and go to state 63

    type                转到状态 64
    func_anonymous_def  转到状态 65
    add_expr            转到状态 132
    mul_expr            转到状态 72
    unary_expr          转到状态 73
    left_expr           转到状态 94
    prim_expr           转到状态 75
    constant            转到状态 76


State 103

   80 cmp_expr: cmp_expr OP_GE . add_expr

    IDENTIFIER       shift, and go to state 51
    CONSTANT_BOOL    shift, and go to state 52
    CONSTANT_INT     shift, and go to state 53
    CONSTANT_STRING  shift, and go to state 54
    BOOL             shift, and go to state 16
    INT              shift, and go to state 17
    STRING           shift, and go to state 18
    NIL              shift, and go to state 55
    VOID             shift, and go to state 19
    CLASS            shift, and go to state 20
    NEW              shift, and go to state 56
    THIS             shift, and go to state 57
    READINTEGER      shift, and go to state 58
    READLINE         shift, and go to state 59
    '('              shift, and go to state 89
    '+'              shift, and go to state 61
    '-'              shift, and go to state 62
    '!'              shift, and go to state 63

    type                转到状态 64
    func_anonymous_def  转到状态 65
    add_expr            转到状态 133
    mul_expr            转到状态 72
    unary_expr          转到状态 73
    left_expr           转到状态 94
    prim_expr           转到状态 75
    constant            转到状态 76


State 104

   77 cmp_expr: cmp_expr '<' . add_expr

    IDENTIFIER       shift, and go to state 51
    CONSTANT_BOOL    shift, and go to state 52
    CONSTANT_INT     shift, and go to state 53
    CONSTANT_STRING  shift, and go to state 54
    BOOL             shift, and go to state 16
    INT              shift, and go to state 17
    STRING           shift, and go to state 18
    NIL              shift, and go to state 55
    VOID             shift, and go to state 19
    CLASS            shift, and go to state 20
    NEW              shift, and go to state 56
    THIS             shift, and go to state 57
    READINTEGER      shift, and go to state 58
    READLINE         shift, and go to state 59
    '('              shift, and go to state 89
    '+'              shift, and go to state 61
    '-'              shift, and go to state 62
    '!'              shift, and go to state 63

    type                转到状态 64
    func_anonymous_def  转到状态 65
    add_expr            转到状态 134
    mul_expr            转到状态 72
    unary_expr          转到状态 73
    left_expr           转到状态 94
    prim_expr           转到状态 75
    constant            转到状态 76


State 105

   78 cmp_expr: cmp_expr '>' . add_expr

    IDENTIFIER       shift, and go to state 51
    CONSTANT_BOOL    shift, and go to state 52
    CONSTANT_INT     shift, and go to state 53
    CONSTANT_STRING  shift, and go to state 54
    BOOL             shift, and go to state 16
    INT              shift, and go to state 17
    STRING           shift, and go to state 18
    NIL              shift, and go to state 55
    VOID             shift, and go to state 19
    CLASS            shift, and go to state 20
    NEW              shift, and go to state 56
    THIS             shift, and go to state 57
    READINTEGER      shift, and go to state 58
    READLINE         shift, and go to state 59
    '('              shift, and go to state 89
    '+'              shift, and go to state 61
    '-'              shift, and go to state 62
    '!'              shift, and go to state 63

    type                转到状态 64
    func_anonymous_def  转到状态 65
    add_expr            转到状态 135
    mul_expr            转到状态 72
    unary_expr          转到状态 73
    left_expr           转到状态 94
    prim_expr           转到状态 75
    constant            转到状态 76


State 106

   82 add_expr: add_expr '+' . mul_expr

    IDENTIFIER       shift, and go to state 51
    CONSTANT_BOOL    shift, and go to state 52
    CONSTANT_INT     shift, and go to state 53
    CONSTANT_STRING  shift, and go to state 54
    BOOL             shift, and go to state 16
    INT              shift, and go to state 17
    STRING           shift, and go to state 18
    NIL              shift, and go to state 55
    VOID             shift, and go to state 19
    CLASS            shift, and go to state 20
    NEW              shift, and go to state 56
    THIS             shift, and go to state 57
    READINTEGER      shift, and go to state 58
    READLINE         shift, and go to state 59
    '('              shift, and go to state 89
    '+'              shift, and go to state 61
    '-'              shift, and go to state 62
    '!'              shift, and go to state 63

    type                转到状态 64
    func_anonymous_def  转到状态 65
    mul_expr            转到状态 136
    unary_expr          转到状态 73
    left_expr           转到状态 94
    prim_expr           转到状态 75
    constant            转到状态 76


State 107

   83 add_expr: add_expr '-' . mul_expr

    IDENTIFIER       shift, and go to state 51
    CONSTANT_BOOL    shift, and go to state 52
    CONSTANT_INT     shift, and go to state 53
    CONSTANT_STRING  shift, and go to state 54
    BOOL             shift, and go to state 16
    INT              shift, and go to state 17
    STRING           shift, and go to state 18
    NIL              shift, and go to state 55
    VOID             shift, and go to state 19
    CLASS            shift, and go to state 20
    NEW              shift, and go to state 56
    THIS             shift, and go to state 57
    READINTEGER      shift, and go to state 58
    READLINE         shift, and go to state 59
    '('              shift, and go to state 89
    '+'              shift, and go to state 61
    '-'              shift, and go to state 62
    '!'              shift, and go to state 63

    type                转到状态 64
    func_anonymous_def  转到状态 65
    mul_expr            转到状态 137
    unary_expr          转到状态 73
    left_expr           转到状态 94
    prim_expr           转到状态 75
    constant            转到状态 76


State 108

   85 mul_expr: mul_expr '*' . unary_expr

    IDENTIFIER       shift, and go to state 51
    CONSTANT_BOOL    shift, and go to state 52
    CONSTANT_INT     shift, and go to state 53
    CONSTANT_STRING  shift, and go to state 54
    BOOL             shift, and go to state 16
    INT              shift, and go to state 17
    STRING           shift, and go to state 18
    NIL              shift, and go to state 55
    VOID             shift, and go to state 19
    CLASS            shift, and go to state 20
    NEW              shift, and go to state 56
    THIS             shift, and go to state 57
    READINTEGER      shift, and go to state 58
    READLINE         shift, and go to state 59
    '('              shift, and go to state 89
    '+'              shift, and go to state 61
    '-'              shift, and go to state 62
    '!'              shift, and go to state 63

    type                转到状态 64
    func_anonymous_def  转到状态 65
    unary_expr          转到状态 138
    left_expr           转到状态 94
    prim_expr           转到状态 75
    constant            转到状态 76


State 109

   86 mul_expr: mul_expr '/' . unary_expr

    IDENTIFIER       shift, and go to state 51
    CONSTANT_BOOL    shift, and go to state 52
    CONSTANT_INT     shift, and go to state 53
    CONSTANT_STRING  shift, and go to state 54
    BOOL             shift, and go to state 16
    INT              shift, and go to state 17
    STRING           shift, and go to state 18
    NIL              shift, and go to state 55
    VOID             shift, and go to state 19
    CLASS            shift, and go to state 20
    NEW              shift, and go to state 56
    THIS             shift, and go to state 57
    READINTEGER      shift, and go to state 58
    READLINE         shift, and go to state 59
    '('              shift, and go to state 89
    '+'              shift, and go to state 61
    '-'              shift, and go to state 62
    '!'              shift, and go to state 63

    type                转到状态 64
    func_anonymous_def  转到状态 65
    unary_expr          转到状态 139
    left_expr           转到状态 94
    prim_expr           转到状态 75
    constant            转到状态 76


State 110

   87 mul_expr: mul_expr '%' . unary_expr

    IDENTIFIER       shift, and go to state 51
    CONSTANT_BOOL    shift, and go to state 52
    CONSTANT_INT     shift, and go to state 53
    CONSTANT_STRING  shift, and go to state 54
    BOOL             shift, and go to state 16
    INT              shift, and go to state 17
    STRING           shift, and go to state 18
    NIL              shift, and go to state 55
    VOID             shift, and go to state 19
    CLASS            shift, and go to state 20
    NEW              shift, and go to state 56
    THIS             shift, and go to state 57
    READINTEGER      shift, and go to state 58
    READLINE         shift, and go to state 59
    '('              shift, and go to state 89
    '+'              shift, and go to state 61
    '-'              shift, and go to state 62
    '!'              shift, and go to state 63

    type                转到状态 64
    func_anonymous_def  转到状态 65
    unary_expr          转到状态 140
    left_expr           转到状态 94
    prim_expr           转到状态 75
    constant            转到状态 76


State 111

   97 left_expr: left_expr '(' . actuals ')'

    IDENTIFIER       shift, and go to state 51
    CONSTANT_BOOL    shift, and go to state 52
    CONSTANT_INT     shift, and go to state 53
    CONSTANT_STRING  shift, and go to state 54
    BOOL             shift, and go to state 16
    INT              shift, and go to state 17
    STRING           shift, and go to state 18
    NIL              shift, and go to state 55
    VOID             shift, and go to state 19
    CLASS            shift, and go to state 20
    NEW              shift, and go to state 56
    THIS             shift, and go to state 57
    READINTEGER      shift, and go to state 58
    READLINE         shift, and go to state 59
    '('              shift, and go to state 89
    '+'              shift, and go to state 61
    '-'              shift, and go to state 62
    '!'              shift, and go to state 63

    $default  reduce using rule 58 (actuals)

    type                转到状态 64
    func_anonymous_def  转到状态 65
    actuals             转到状态 141
    actuals_body        转到状态 126
    expr                转到状态 127
    assign_expr         转到状态 92
    or_expr             转到状态 67
    and_expr            转到状态 68
    eq_expr             转到状态 69
    cmp_expr            转到状态 70
    add_expr            转到状态 71
    mul_expr            转到状态 72
    unary_expr          转到状态 73
    left_expr           转到状态 74
    prim_expr           转到状态 75
    constant            转到状态 76


State 112

   64 assign_expr: left_expr '=' . assign_expr

    IDENTIFIER       shift, and go to state 51
    CONSTANT_BOOL    shift, and go to state 52
    CONSTANT_INT     shift, and go to state 53
    CONSTANT_STRING  shift, and go to state 54
    BOOL             shift, and go to state 16
    INT              shift, and go to state 17
    STRING           shift, and go to state 18
    NIL              shift, and go to state 55
    VOID             shift, and go to state 19
    CLASS            shift, and go to state 20
    NEW              shift, and go to state 56
    THIS             shift, and go to state 57
    READINTEGER      shift, and go to state 58
    READLINE         shift, and go to state 59
    '('              shift, and go to state 89
    '+'              shift, and go to state 61
    '-'              shift, and go to state 62
    '!'              shift, and go to state 63

    type                转到状态 64
    func_anonymous_def  转到状态 65
    assign_expr         转到状态 142
    or_expr             转到状态 67
    and_expr            转到状态 68
    eq_expr             转到状态 69
    cmp_expr            转到状态 70
    add_expr            转到状态 71
    mul_expr            转到状态 72
    unary_expr          转到状态 73
    left_expr           转到状态 74
    prim_expr           转到状态 75
    constant            转到状态 76


State 113

   94 left_expr: left_expr '[' . expr ']'

    IDENTIFIER       shift, and go to state 51
    CONSTANT_BOOL    shift, and go to state 52
    CONSTANT_INT     shift, and go to state 53
    CONSTANT_STRING  shift, and go to state 54
    BOOL             shift, and go to state 16
    INT              shift, and go to state 17
    STRING           shift, and go to state 18
    NIL              shift, and go to state 55
    VOID             shift, and go to state 19
    CLASS            shift, and go to state 20
    NEW              shift, and go to state 56
    THIS             shift, and go to state 57
    READINTEGER      shift, and go to state 58
    READLINE         shift, and go to state 59
    '('              shift, and go to state 89
    '+'              shift, and go to state 61
    '-'              shift, and go to state 62
    '!'              shift, and go to state 63

    type                转到状态 64
    func_anonymous_def  转到状态 65
    expr                转到状态 143
    assign_expr         转到状态 92
    or_expr             转到状态 67
    and_expr            转到状态 68
    eq_expr             转到状态 69
    cmp_expr            转到状态 70
    add_expr            转到状态 71
    mul_expr            转到状态 72
    unary_expr          转到状态 73
    left_expr           转到状态 74
    prim_expr           转到状态 75
    constant            转到状态 76


State 114

   95 left_expr: left_expr '.' . IDENTIFIER
   96          | left_expr '.' . IDENTIFIER '(' actuals ')'

    IDENTIFIER  shift, and go to state 144


State 115

   32 func_anonymous_def: type '(' formals ')' . OP_ARROW '{' stmts '}'

    OP_ARROW  shift, and go to state 145


State 116

   36 formals_body: formals_body ',' . var_without_initializer

    BOOL    shift, and go to state 16
    INT     shift, and go to state 17
    STRING  shift, and go to state 18
    VOID    shift, and go to state 19
    CLASS   shift, and go to state 20

    var_without_initializer  转到状态 146
    type                     转到状态 79


State 117

   10 class_def: CLASS IDENTIFIER EXTENDS IDENTIFIER '{' error '}' .

    $default  reduce using rule 10 (class_def)


State 118

    5 class_def: CLASS IDENTIFIER EXTENDS IDENTIFIER '{' fields '}' .

    $default  reduce using rule 5 (class_def)


State 119

  104 prim_expr: NEW IDENTIFIER '(' . actuals ')'

    IDENTIFIER       shift, and go to state 51
    CONSTANT_BOOL    shift, and go to state 52
    CONSTANT_INT     shift, and go to state 53
    CONSTANT_STRING  shift, and go to state 54
    BOOL             shift, and go to state 16
    INT              shift, and go to state 17
    STRING           shift, and go to state 18
    NIL              shift, and go to state 55
    VOID             shift, and go to state 19
    CLASS            shift, and go to state 20
    NEW              shift, and go to state 56
    THIS             shift, and go to state 57
    READINTEGER      shift, and go to state 58
    READLINE         shift, and go to state 59
    '('              shift, and go to state 89
    '+'              shift, and go to state 61
    '-'              shift, and go to state 62
    '!'              shift, and go to state 63

    $default  reduce using rule 58 (actuals)

    type                转到状态 64
    func_anonymous_def  转到状态 65
    actuals             转到状态 147
    actuals_body        转到状态 126
    expr                转到状态 127
    assign_expr         转到状态 92
    or_expr             转到状态 67
    and_expr            转到状态 68
    eq_expr             转到状态 69
    cmp_expr            转到状态 70
    add_expr            转到状态 71
    mul_expr            转到状态 72
    unary_expr          转到状态 73
    left_expr           转到状态 74
    prim_expr           转到状态 75
    constant            转到状态 76


State 120

   28 type: type '[' . ']'
  105 prim_expr: NEW type '[' . expr ']'

    IDENTIFIER       shift, and go to state 51
    CONSTANT_BOOL    shift, and go to state 52
    CONSTANT_INT     shift, and go to state 53
    CONSTANT_STRING  shift, and go to state 54
    BOOL             shift, and go to state 16
    INT              shift, and go to state 17
    STRING           shift, and go to state 18
    NIL              shift, and go to state 55
    VOID             shift, and go to state 19
    CLASS            shift, and go to state 20
    NEW              shift, and go to state 56
    THIS             shift, and go to state 57
    READINTEGER      shift, and go to state 58
    READLINE         shift, and go to state 59
    '('              shift, and go to state 89
    ']'              shift, and go to state 82
    '+'              shift, and go to state 61
    '-'              shift, and go to state 62
    '!'              shift, and go to state 63

    type                转到状态 64
    func_anonymous_def  转到状态 65
    expr                转到状态 148
    assign_expr         转到状态 92
    or_expr             转到状态 67
    and_expr            转到状态 68
    eq_expr             转到状态 69
    cmp_expr            转到状态 70
    add_expr            转到状态 71
    mul_expr            转到状态 72
    unary_expr          转到状态 73
    left_expr           转到状态 74
    prim_expr           转到状态 75
    constant            转到状态 76


State 121

  102 prim_expr: READINTEGER '(' ')' .

    $default  reduce using rule 102 (prim_expr)


State 122

  103 prim_expr: READLINE '(' ')' .

    $default  reduce using rule 103 (prim_expr)


State 123

   31 func_normal_def: var_without_initializer '=' '(' formals ')' . OP_ARROW '{' stmts '}' ';'

    OP_ARROW  shift, and go to state 149


State 124

  101 prim_expr: '(' expr ')' .

    $default  reduce using rule 101 (prim_expr)


State 125

   98 left_expr: func_anonymous_def '(' actuals . ')'

    ')'  shift, and go to state 150


State 126

   57 actuals: actuals_body .
   59 actuals_body: actuals_body . ',' expr

    ','  shift, and go to state 151

    $default  reduce using rule 57 (actuals)


State 127

   60 actuals_body: expr .

    $default  reduce using rule 60 (actuals_body)


State 128

   70 or_expr: or_expr OP_OR and_expr .
   72 and_expr: and_expr . OP_AND eq_expr

    OP_AND  shift, and go to state 99

    $default  reduce using rule 70 (or_expr)


State 129

   72 and_expr: and_expr OP_AND eq_expr .
   74 eq_expr: eq_expr . OP_EQ cmp_expr
   75        | eq_expr . OP_NE cmp_expr

    OP_EQ  shift, and go to state 100
    OP_NE  shift, and go to state 101

    $default  reduce using rule 72 (and_expr)


State 130

   74 eq_expr: eq_expr OP_EQ cmp_expr .
   77 cmp_expr: cmp_expr . '<' add_expr
   78         | cmp_expr . '>' add_expr
   79         | cmp_expr . OP_LE add_expr
   80         | cmp_expr . OP_GE add_expr

    OP_LE  shift, and go to state 102
    OP_GE  shift, and go to state 103
    '<'    shift, and go to state 104
    '>'    shift, and go to state 105

    $default  reduce using rule 74 (eq_expr)


State 131

   75 eq_expr: eq_expr OP_NE cmp_expr .
   77 cmp_expr: cmp_expr . '<' add_expr
   78         | cmp_expr . '>' add_expr
   79         | cmp_expr . OP_LE add_expr
   80         | cmp_expr . OP_GE add_expr

    OP_LE  shift, and go to state 102
    OP_GE  shift, and go to state 103
    '<'    shift, and go to state 104
    '>'    shift, and go to state 105

    $default  reduce using rule 75 (eq_expr)


State 132

   79 cmp_expr: cmp_expr OP_LE add_expr .
   82 add_expr: add_expr . '+' mul_expr
   83         | add_expr . '-' mul_expr

    '+'  shift, and go to state 106
    '-'  shift, and go to state 107

    $default  reduce using rule 79 (cmp_expr)


State 133

   80 cmp_expr: cmp_expr OP_GE add_expr .
   82 add_expr: add_expr . '+' mul_expr
   83         | add_expr . '-' mul_expr

    '+'  shift, and go to state 106
    '-'  shift, and go to state 107

    $default  reduce using rule 80 (cmp_expr)


State 134

   77 cmp_expr: cmp_expr '<' add_expr .
   82 add_expr: add_expr . '+' mul_expr
   83         | add_expr . '-' mul_expr

    '+'  shift, and go to state 106
    '-'  shift, and go to state 107

    $default  reduce using rule 77 (cmp_expr)


State 135

   78 cmp_expr: cmp_expr '>' add_expr .
   82 add_expr: add_expr . '+' mul_expr
   83         | add_expr . '-' mul_expr

    '+'  shift, and go to state 106
    '-'  shift, and go to state 107

    $default  reduce using rule 78 (cmp_expr)


State 136

   82 add_expr: add_expr '+' mul_expr .
   85 mul_expr: mul_expr . '*' unary_expr
   86         | mul_expr . '/' unary_expr
   87         | mul_expr . '%' unary_expr

    '*'  shift, and go to state 108
    '/'  shift, and go to state 109
    '%'  shift, and go to state 110

    $default  reduce using rule 82 (add_expr)


State 137

   83 add_expr: add_expr '-' mul_expr .
   85 mul_expr: mul_expr . '*' unary_expr
   86         | mul_expr . '/' unary_expr
   87         | mul_expr . '%' unary_expr

    '*'  shift, and go to state 108
    '/'  shift, and go to state 109
    '%'  shift, and go to state 110

    $default  reduce using rule 83 (add_expr)


State 138

   85 mul_expr: mul_expr '*' unary_expr .

    $default  reduce using rule 85 (mul_expr)


State 139

   86 mul_expr: mul_expr '/' unary_expr .

    $default  reduce using rule 86 (mul_expr)


State 140

   87 mul_expr: mul_expr '%' unary_expr .

    $default  reduce using rule 87 (mul_expr)


State 141

   97 left_expr: left_expr '(' actuals . ')'

    ')'  shift, and go to state 152


State 142

   64 assign_expr: left_expr '=' assign_expr .

    $default  reduce using rule 64 (assign_expr)


State 143

   94 left_expr: left_expr '[' expr . ']'

    ']'  shift, and go to state 153


State 144

   95 left_expr: left_expr '.' IDENTIFIER .
   96          | left_expr '.' IDENTIFIER . '(' actuals ')'

    '('  shift, and go to state 154

    $default  reduce using rule 95 (left_expr)


State 145

   32 func_anonymous_def: type '(' formals ')' OP_ARROW . '{' stmts '}'

    '{'  shift, and go to state 155


State 146

   36 formals_body: formals_body ',' var_without_initializer .

    $default  reduce using rule 36 (formals_body)


State 147

  104 prim_expr: NEW IDENTIFIER '(' actuals . ')'

    ')'  shift, and go to state 156


State 148

  105 prim_expr: NEW type '[' expr . ']'

    ']'  shift, and go to state 157


State 149

   31 func_normal_def: var_without_initializer '=' '(' formals ')' OP_ARROW . '{' stmts '}' ';'

    '{'  shift, and go to state 158


State 150

   98 left_expr: func_anonymous_def '(' actuals ')' .

    $default  reduce using rule 98 (left_expr)


State 151

   59 actuals_body: actuals_body ',' . expr

    IDENTIFIER       shift, and go to state 51
    CONSTANT_BOOL    shift, and go to state 52
    CONSTANT_INT     shift, and go to state 53
    CONSTANT_STRING  shift, and go to state 54
    BOOL             shift, and go to state 16
    INT              shift, and go to state 17
    STRING           shift, and go to state 18
    NIL              shift, and go to state 55
    VOID             shift, and go to state 19
    CLASS            shift, and go to state 20
    NEW              shift, and go to state 56
    THIS             shift, and go to state 57
    READINTEGER      shift, and go to state 58
    READLINE         shift, and go to state 59
    '('              shift, and go to state 89
    '+'              shift, and go to state 61
    '-'              shift, and go to state 62
    '!'              shift, and go to state 63

    type                转到状态 64
    func_anonymous_def  转到状态 65
    expr                转到状态 159
    assign_expr         转到状态 92
    or_expr             转到状态 67
    and_expr            转到状态 68
    eq_expr             转到状态 69
    cmp_expr            转到状态 70
    add_expr            转到状态 71
    mul_expr            转到状态 72
    unary_expr          转到状态 73
    left_expr           转到状态 74
    prim_expr           转到状态 75
    constant            转到状态 76


State 152

   97 left_expr: left_expr '(' actuals ')' .

    $default  reduce using rule 97 (left_expr)


State 153

   94 left_expr: left_expr '[' expr ']' .

    $default  reduce using rule 94 (left_expr)


State 154

   96 left_expr: left_expr '.' IDENTIFIER '(' . actuals ')'

    IDENTIFIER       shift, and go to state 51
    CONSTANT_BOOL    shift, and go to state 52
    CONSTANT_INT     shift, and go to state 53
    CONSTANT_STRING  shift, and go to state 54
    BOOL             shift, and go to state 16
    INT              shift, and go to state 17
    STRING           shift, and go to state 18
    NIL              shift, and go to state 55
    VOID             shift, and go to state 19
    CLASS            shift, and go to state 20
    NEW              shift, and go to state 56
    THIS             shift, and go to state 57
    READINTEGER      shift, and go to state 58
    READLINE         shift, and go to state 59
    '('              shift, and go to state 89
    '+'              shift, and go to state 61
    '-'              shift, and go to state 62
    '!'              shift, and go to state 63

    $default  reduce using rule 58 (actuals)

    type                转到状态 64
    func_anonymous_def  转到状态 65
    actuals             转到状态 160
    actuals_body        转到状态 126
    expr                转到状态 127
    assign_expr         转到状态 92
    or_expr             转到状态 67
    and_expr            转到状态 68
    eq_expr             转到状态 69
    cmp_expr            转到状态 70
    add_expr            转到状态 71
    mul_expr            转到状态 72
    unary_expr          转到状态 73
    left_expr           转到状态 74
    prim_expr           转到状态 75
    constant            转到状态 76


State 155

   32 func_anonymous_def: type '(' formals ')' OP_ARROW '{' . stmts '}'

    $default  reduce using rule 39 (stmts)

    stmts  转到状态 161


State 156

  104 prim_expr: NEW IDENTIFIER '(' actuals ')' .

    $default  reduce using rule 104 (prim_expr)


State 157

  105 prim_expr: NEW type '[' expr ']' .

    $default  reduce using rule 105 (prim_expr)


State 158

   31 func_normal_def: var_without_initializer '=' '(' formals ')' OP_ARROW '{' . stmts '}' ';'

    $default  reduce using rule 39 (stmts)

    stmts  转到状态 162


State 159

   59 actuals_body: actuals_body ',' expr .

    $default  reduce using rule 59 (actuals_body)


State 160

   96 left_expr: left_expr '.' IDENTIFIER '(' actuals . ')'

    ')'  shift, and go to state 163


State 161

   32 func_anonymous_def: type '(' formals ')' OP_ARROW '{' stmts . '}'
   38 stmts: stmts . stmt

    IDENTIFIER       shift, and go to state 51
    CONSTANT_BOOL    shift, and go to state 52
    CONSTANT_INT     shift, and go to state 53
    CONSTANT_STRING  shift, and go to state 54
    BOOL             shift, and go to state 16
    INT              shift, and go to state 17
    STRING           shift, and go to state 18
    NIL              shift, and go to state 55
    VOID             shift, and go to state 19
    CLASS            shift, and go to state 20
    NEW              shift, and go to state 56
    THIS             shift, and go to state 57
    IF               shift, and go to state 164
    FOR              shift, and go to state 165
    WHILE            shift, and go to state 166
    RETURN           shift, and go to state 167
    PRINT            shift, and go to state 168
    READINTEGER      shift, and go to state 58
    READLINE         shift, and go to state 59
    '('              shift, and go to state 89
    '}'              shift, and go to state 169
    ';'              shift, and go to state 170
    '+'              shift, and go to state 61
    '-'              shift, and go to state 62
    '!'              shift, and go to state 63

    var_def                      转到状态 171
    var_without_initializer_def  转到状态 25
    var_with_initializer_def     转到状态 26
    var_without_initializer      转到状态 172
    var_with_initializer         转到状态 28
    type                         转到状态 29
    func_anonymous_def           转到状态 65
    stmt                         转到状态 173
    expr_stmt                    转到状态 174
    if_stmt                      转到状态 175
    while_stmt                   转到状态 176
    for_stmt                     转到状态 177
    return_stmt                  转到状态 178
    print_stmt                   转到状态 179
    expr                         转到状态 180
    assign_expr                  转到状态 92
    or_expr                      转到状态 67
    and_expr                     转到状态 68
    eq_expr                      转到状态 69
    cmp_expr                     转到状态 70
    add_expr                     转到状态 71
    mul_expr                     转到状态 72
    unary_expr                   转到状态 73
    left_expr                    转到状态 74
    prim_expr                    转到状态 75
    constant                     转到状态 76


State 162

   31 func_normal_def: var_without_initializer '=' '(' formals ')' OP_ARROW '{' stmts . '}' ';'
   38 stmts: stmts . stmt

    IDENTIFIER       shift, and go to state 51
    CONSTANT_BOOL    shift, and go to state 52
    CONSTANT_INT     shift, and go to state 53
    CONSTANT_STRING  shift, and go to state 54
    BOOL             shift, and go to state 16
    INT              shift, and go to state 17
    STRING           shift, and go to state 18
    NIL              shift, and go to state 55
    VOID             shift, and go to state 19
    CLASS            shift, and go to state 20
    NEW              shift, and go to state 56
    THIS             shift, and go to state 57
    IF               shift, and go to state 164
    FOR              shift, and go to state 165
    WHILE            shift, and go to state 166
    RETURN           shift, and go to state 167
    PRINT            shift, and go to state 168
    READINTEGER      shift, and go to state 58
    READLINE         shift, and go to state 59
    '('              shift, and go to state 89
    '}'              shift, and go to state 181
    ';'              shift, and go to state 170
    '+'              shift, and go to state 61
    '-'              shift, and go to state 62
    '!'              shift, and go to state 63

    var_def                      转到状态 171
    var_without_initializer_def  转到状态 25
    var_with_initializer_def     转到状态 26
    var_without_initializer      转到状态 172
    var_with_initializer         转到状态 28
    type                         转到状态 29
    func_anonymous_def           转到状态 65
    stmt                         转到状态 173
    expr_stmt                    转到状态 174
    if_stmt                      转到状态 175
    while_stmt                   转到状态 176
    for_stmt                     转到状态 177
    return_stmt                  转到状态 178
    print_stmt                   转到状态 179
    expr                         转到状态 180
    assign_expr                  转到状态 92
    or_expr                      转到状态 67
    and_expr                     转到状态 68
    eq_expr                      转到状态 69
    cmp_expr                     转到状态 70
    add_expr                     转到状态 71
    mul_expr                     转到状态 72
    unary_expr                   转到状态 73
    left_expr                    转到状态 74
    prim_expr                    转到状态 75
    constant                     转到状态 76


State 163

   96 left_expr: left_expr '.' IDENTIFIER '(' actuals ')' .

    $default  reduce using rule 96 (left_expr)


State 164

   49 if_stmt: IF . '(' bool_expr ')' '{' stmts '}'
   50        | IF . '(' bool_expr ')' '{' stmts '}' ELSE '{' stmts '}'

    '('  shift, and go to state 182


State 165

   52 for_stmt: FOR . '(' assign_list ';' bool_expr ';' assign_list ')' '{' stmts '}'

    '('  shift, and go to state 183


State 166

   51 while_stmt: WHILE . '(' bool_expr ')' '{' stmts '}'

    '('  shift, and go to state 184


State 167

   53 return_stmt: RETURN . ';'
   54            | RETURN . VOID ';'
   55            | RETURN . expr ';'

    IDENTIFIER       shift, and go to state 51
    CONSTANT_BOOL    shift, and go to state 52
    CONSTANT_INT     shift, and go to state 53
    CONSTANT_STRING  shift, and go to state 54
    BOOL             shift, and go to state 16
    INT              shift, and go to state 17
    STRING           shift, and go to state 18
    NIL              shift, and go to state 55
    VOID             shift, and go to state 185
    CLASS            shift, and go to state 20
    NEW              shift, and go to state 56
    THIS             shift, and go to state 57
    READINTEGER      shift, and go to state 58
    READLINE         shift, and go to state 59
    '('              shift, and go to state 89
    ';'              shift, and go to state 186
    '+'              shift, and go to state 61
    '-'              shift, and go to state 62
    '!'              shift, and go to state 63

    type                转到状态 64
    func_anonymous_def  转到状态 65
    expr                转到状态 187
    assign_expr         转到状态 92
    or_expr             转到状态 67
    and_expr            转到状态 68
    eq_expr             转到状态 69
    cmp_expr            转到状态 70
    add_expr            转到状态 71
    mul_expr            转到状态 72
    unary_expr          转到状态 73
    left_expr           转到状态 74
    prim_expr           转到状态 75
    constant            转到状态 76


State 168

   56 print_stmt: PRINT . '(' expr ')' ';'

    '('  shift, and go to state 188


State 169

   32 func_anonymous_def: type '(' formals ')' OP_ARROW '{' stmts '}' .

    $default  reduce using rule 32 (func_anonymous_def)


State 170

   48 expr_stmt: ';' .

    $default  reduce using rule 48 (expr_stmt)


State 171

   40 stmt: var_def .

    $default  reduce using rule 40 (stmt)


State 172

   19 var_without_initializer_def: var_without_initializer . ';'
   22 var_with_initializer: var_without_initializer . '=' assign_expr

    ';'  shift, and go to state 40
    '='  shift, and go to state 189


State 173

   38 stmts: stmts stmt .

    $default  reduce using rule 38 (stmts)


State 174

   41 stmt: expr_stmt .

    $default  reduce using rule 41 (stmt)


State 175

   42 stmt: if_stmt .

    $default  reduce using rule 42 (stmt)


State 176

   43 stmt: while_stmt .

    $default  reduce using rule 43 (stmt)


State 177

   44 stmt: for_stmt .

    $default  reduce using rule 44 (stmt)


State 178

   45 stmt: return_stmt .

    $default  reduce using rule 45 (stmt)


State 179

   46 stmt: print_stmt .

    $default  reduce using rule 46 (stmt)


State 180

   47 expr_stmt: expr . ';'

    ';'  shift, and go to state 190


State 181

   31 func_normal_def: var_without_initializer '=' '(' formals ')' OP_ARROW '{' stmts '}' . ';'

    ';'  shift, and go to state 191


State 182

   49 if_stmt: IF '(' . bool_expr ')' '{' stmts '}'
   50        | IF '(' . bool_expr ')' '{' stmts '}' ELSE '{' stmts '}'

    IDENTIFIER       shift, and go to state 51
    CONSTANT_BOOL    shift, and go to state 52
    CONSTANT_INT     shift, and go to state 53
    CONSTANT_STRING  shift, and go to state 54
    BOOL             shift, and go to state 16
    INT              shift, and go to state 17
    STRING           shift, and go to state 18
    NIL              shift, and go to state 55
    VOID             shift, and go to state 19
    CLASS            shift, and go to state 20
    NEW              shift, and go to state 56
    THIS             shift, and go to state 57
    READINTEGER      shift, and go to state 58
    READLINE         shift, and go to state 59
    '('              shift, and go to state 89
    '+'              shift, and go to state 61
    '-'              shift, and go to state 62
    '!'              shift, and go to state 63

    type                转到状态 64
    func_anonymous_def  转到状态 65
    bool_expr           转到状态 192
    expr                转到状态 193
    assign_expr         转到状态 92
    or_expr             转到状态 67
    and_expr            转到状态 68
    eq_expr             转到状态 69
    cmp_expr            转到状态 70
    add_expr            转到状态 71
    mul_expr            转到状态 72
    unary_expr          转到状态 73
    left_expr           转到状态 74
    prim_expr           转到状态 75
    constant            转到状态 76


State 183

   52 for_stmt: FOR '(' . assign_list ';' bool_expr ';' assign_list ')' '{' stmts '}'

    IDENTIFIER       shift, and go to state 51
    CONSTANT_BOOL    shift, and go to state 52
    CONSTANT_INT     shift, and go to state 53
    CONSTANT_STRING  shift, and go to state 54
    BOOL             shift, and go to state 16
    INT              shift, and go to state 17
    STRING           shift, and go to state 18
    NIL              shift, and go to state 55
    VOID             shift, and go to state 19
    CLASS            shift, and go to state 20
    NEW              shift, and go to state 56
    THIS             shift, and go to state 57
    READINTEGER      shift, and go to state 58
    READLINE         shift, and go to state 59
    '('              shift, and go to state 89
    '+'              shift, and go to state 61
    '-'              shift, and go to state 62
    '!'              shift, and go to state 63

    $default  reduce using rule 66 (assign_list)

    type                转到状态 64
    func_anonymous_def  转到状态 65
    assign_expr         转到状态 194
    assign_list         转到状态 195
    assign_list_body    转到状态 196
    or_expr             转到状态 67
    and_expr            转到状态 68
    eq_expr             转到状态 69
    cmp_expr            转到状态 70
    add_expr            转到状态 71
    mul_expr            转到状态 72
    unary_expr          转到状态 73
    left_expr           转到状态 74
    prim_expr           转到状态 75
    constant            转到状态 76


State 184

   51 while_stmt: WHILE '(' . bool_expr ')' '{' stmts '}'

    IDENTIFIER       shift, and go to state 51
    CONSTANT_BOOL    shift, and go to state 52
    CONSTANT_INT     shift, and go to state 53
    CONSTANT_STRING  shift, and go to state 54
    BOOL             shift, and go to state 16
    INT              shift, and go to state 17
    STRING           shift, and go to state 18
    NIL              shift, and go to state 55
    VOID             shift, and go to state 19
    CLASS            shift, and go to state 20
    NEW              shift, and go to state 56
    THIS             shift, and go to state 57
    READINTEGER      shift, and go to state 58
    READLINE         shift, and go to state 59
    '('              shift, and go to state 89
    '+'              shift, and go to state 61
    '-'              shift, and go to state 62
    '!'              shift, and go to state 63

    type                转到状态 64
    func_anonymous_def  转到状态 65
    bool_expr           转到状态 197
    expr                转到状态 193
    assign_expr         转到状态 92
    or_expr             转到状态 67
    and_expr            转到状态 68
    eq_expr             转到状态 69
    cmp_expr            转到状态 70
    add_expr            转到状态 71
    mul_expr            转到状态 72
    unary_expr          转到状态 73
    left_expr           转到状态 74
    prim_expr           转到状态 75
    constant            转到状态 76


State 185

   26 type: VOID .
   54 return_stmt: RETURN VOID . ';'

    ';'  shift, and go to state 198

    $default  reduce using rule 26 (type)


State 186

   53 return_stmt: RETURN ';' .

    $default  reduce using rule 53 (return_stmt)


State 187

   55 return_stmt: RETURN expr . ';'

    ';'  shift, and go to state 199


State 188

   56 print_stmt: PRINT '(' . expr ')' ';'

    IDENTIFIER       shift, and go to state 51
    CONSTANT_BOOL    shift, and go to state 52
    CONSTANT_INT     shift, and go to state 53
    CONSTANT_STRING  shift, and go to state 54
    BOOL             shift, and go to state 16
    INT              shift, and go to state 17
    STRING           shift, and go to state 18
    NIL              shift, and go to state 55
    VOID             shift, and go to state 19
    CLASS            shift, and go to state 20
    NEW              shift, and go to state 56
    THIS             shift, and go to state 57
    READINTEGER      shift, and go to state 58
    READLINE         shift, and go to state 59
    '('              shift, and go to state 89
    '+'              shift, and go to state 61
    '-'              shift, and go to state 62
    '!'              shift, and go to state 63

    type                转到状态 64
    func_anonymous_def  转到状态 65
    expr                转到状态 200
    assign_expr         转到状态 92
    or_expr             转到状态 67
    and_expr            转到状态 68
    eq_expr             转到状态 69
    cmp_expr            转到状态 70
    add_expr            转到状态 71
    mul_expr            转到状态 72
    unary_expr          转到状态 73
    left_expr           转到状态 74
    prim_expr           转到状态 75
    constant            转到状态 76


State 189

   22 var_with_initializer: var_without_initializer '=' . assign_expr

    IDENTIFIER       shift, and go to state 51
    CONSTANT_BOOL    shift, and go to state 52
    CONSTANT_INT     shift, and go to state 53
    CONSTANT_STRING  shift, and go to state 54
    BOOL             shift, and go to state 16
    INT              shift, and go to state 17
    STRING           shift, and go to state 18
    NIL              shift, and go to state 55
    VOID             shift, and go to state 19
    CLASS            shift, and go to state 20
    NEW              shift, and go to state 56
    THIS             shift, and go to state 57
    READINTEGER      shift, and go to state 58
    READLINE         shift, and go to state 59
    '('              shift, and go to state 89
    '+'              shift, and go to state 61
    '-'              shift, and go to state 62
    '!'              shift, and go to state 63

    type                转到状态 64
    func_anonymous_def  转到状态 65
    assign_expr         转到状态 66
    or_expr             转到状态 67
    and_expr            转到状态 68
    eq_expr             转到状态 69
    cmp_expr            转到状态 70
    add_expr            转到状态 71
    mul_expr            转到状态 72
    unary_expr          转到状态 73
    left_expr           转到状态 74
    prim_expr           转到状态 75
    constant            转到状态 76


State 190

   47 expr_stmt: expr ';' .

    $default  reduce using rule 47 (expr_stmt)


State 191

   31 func_normal_def: var_without_initializer '=' '(' formals ')' OP_ARROW '{' stmts '}' ';' .

    $default  reduce using rule 31 (func_normal_def)


State 192

   49 if_stmt: IF '(' bool_expr . ')' '{' stmts '}'
   50        | IF '(' bool_expr . ')' '{' stmts '}' ELSE '{' stmts '}'

    ')'  shift, and go to state 201


State 193

   61 bool_expr: expr .

    $default  reduce using rule 61 (bool_expr)


State 194

   68 assign_list_body: assign_expr .

    $default  reduce using rule 68 (assign_list_body)


State 195

   52 for_stmt: FOR '(' assign_list . ';' bool_expr ';' assign_list ')' '{' stmts '}'

    ';'  shift, and go to state 202


State 196

   65 assign_list: assign_list_body .
   67 assign_list_body: assign_list_body . ',' assign_expr

    ','  shift, and go to state 203

    $default  reduce using rule 65 (assign_list)


State 197

   51 while_stmt: WHILE '(' bool_expr . ')' '{' stmts '}'

    ')'  shift, and go to state 204


State 198

   54 return_stmt: RETURN VOID ';' .

    $default  reduce using rule 54 (return_stmt)


State 199

   55 return_stmt: RETURN expr ';' .

    $default  reduce using rule 55 (return_stmt)


State 200

   56 print_stmt: PRINT '(' expr . ')' ';'

    ')'  shift, and go to state 205


State 201

   49 if_stmt: IF '(' bool_expr ')' . '{' stmts '}'
   50        | IF '(' bool_expr ')' . '{' stmts '}' ELSE '{' stmts '}'

    '{'  shift, and go to state 206


State 202

   52 for_stmt: FOR '(' assign_list ';' . bool_expr ';' assign_list ')' '{' stmts '}'

    IDENTIFIER       shift, and go to state 51
    CONSTANT_BOOL    shift, and go to state 52
    CONSTANT_INT     shift, and go to state 53
    CONSTANT_STRING  shift, and go to state 54
    BOOL             shift, and go to state 16
    INT              shift, and go to state 17
    STRING           shift, and go to state 18
    NIL              shift, and go to state 55
    VOID             shift, and go to state 19
    CLASS            shift, and go to state 20
    NEW              shift, and go to state 56
    THIS             shift, and go to state 57
    READINTEGER      shift, and go to state 58
    READLINE         shift, and go to state 59
    '('              shift, and go to state 89
    '+'              shift, and go to state 61
    '-'              shift, and go to state 62
    '!'              shift, and go to state 63

    type                转到状态 64
    func_anonymous_def  转到状态 65
    bool_expr           转到状态 207
    expr                转到状态 193
    assign_expr         转到状态 92
    or_expr             转到状态 67
    and_expr            转到状态 68
    eq_expr             转到状态 69
    cmp_expr            转到状态 70
    add_expr            转到状态 71
    mul_expr            转到状态 72
    unary_expr          转到状态 73
    left_expr           转到状态 74
    prim_expr           转到状态 75
    constant            转到状态 76


State 203

   67 assign_list_body: assign_list_body ',' . assign_expr

    IDENTIFIER       shift, and go to state 51
    CONSTANT_BOOL    shift, and go to state 52
    CONSTANT_INT     shift, and go to state 53
    CONSTANT_STRING  shift, and go to state 54
    BOOL             shift, and go to state 16
    INT              shift, and go to state 17
    STRING           shift, and go to state 18
    NIL              shift, and go to state 55
    VOID             shift, and go to state 19
    CLASS            shift, and go to state 20
    NEW              shift, and go to state 56
    THIS             shift, and go to state 57
    READINTEGER      shift, and go to state 58
    READLINE         shift, and go to state 59
    '('              shift, and go to state 89
    '+'              shift, and go to state 61
    '-'              shift, and go to state 62
    '!'              shift, and go to state 63

    type                转到状态 64
    func_anonymous_def  转到状态 65
    assign_expr         转到状态 208
    or_expr             转到状态 67
    and_expr            转到状态 68
    eq_expr             转到状态 69
    cmp_expr            转到状态 70
    add_expr            转到状态 71
    mul_expr            转到状态 72
    unary_expr          转到状态 73
    left_expr           转到状态 74
    prim_expr           转到状态 75
    constant            转到状态 76


State 204

   51 while_stmt: WHILE '(' bool_expr ')' . '{' stmts '}'

    '{'  shift, and go to state 209


State 205

   56 print_stmt: PRINT '(' expr ')' . ';'

    ';'  shift, and go to state 210


State 206

   49 if_stmt: IF '(' bool_expr ')' '{' . stmts '}'
   50        | IF '(' bool_expr ')' '{' . stmts '}' ELSE '{' stmts '}'

    $default  reduce using rule 39 (stmts)

    stmts  转到状态 211


State 207

   52 for_stmt: FOR '(' assign_list ';' bool_expr . ';' assign_list ')' '{' stmts '}'

    ';'  shift, and go to state 212


State 208

   67 assign_list_body: assign_list_body ',' assign_expr .

    $default  reduce using rule 67 (assign_list_body)


State 209

   51 while_stmt: WHILE '(' bool_expr ')' '{' . stmts '}'

    $default  reduce using rule 39 (stmts)

    stmts  转到状态 213


State 210

   56 print_stmt: PRINT '(' expr ')' ';' .

    $default  reduce using rule 56 (print_stmt)


State 211

   38 stmts: stmts . stmt
   49 if_stmt: IF '(' bool_expr ')' '{' stmts . '}'
   50        | IF '(' bool_expr ')' '{' stmts . '}' ELSE '{' stmts '}'

    IDENTIFIER       shift, and go to state 51
    CONSTANT_BOOL    shift, and go to state 52
    CONSTANT_INT     shift, and go to state 53
    CONSTANT_STRING  shift, and go to state 54
    BOOL             shift, and go to state 16
    INT              shift, and go to state 17
    STRING           shift, and go to state 18
    NIL              shift, and go to state 55
    VOID             shift, and go to state 19
    CLASS            shift, and go to state 20
    NEW              shift, and go to state 56
    THIS             shift, and go to state 57
    IF               shift, and go to state 164
    FOR              shift, and go to state 165
    WHILE            shift, and go to state 166
    RETURN           shift, and go to state 167
    PRINT            shift, and go to state 168
    READINTEGER      shift, and go to state 58
    READLINE         shift, and go to state 59
    '('              shift, and go to state 89
    '}'              shift, and go to state 214
    ';'              shift, and go to state 170
    '+'              shift, and go to state 61
    '-'              shift, and go to state 62
    '!'              shift, and go to state 63

    var_def                      转到状态 171
    var_without_initializer_def  转到状态 25
    var_with_initializer_def     转到状态 26
    var_without_initializer      转到状态 172
    var_with_initializer         转到状态 28
    type                         转到状态 29
    func_anonymous_def           转到状态 65
    stmt                         转到状态 173
    expr_stmt                    转到状态 174
    if_stmt                      转到状态 175
    while_stmt                   转到状态 176
    for_stmt                     转到状态 177
    return_stmt                  转到状态 178
    print_stmt                   转到状态 179
    expr                         转到状态 180
    assign_expr                  转到状态 92
    or_expr                      转到状态 67
    and_expr                     转到状态 68
    eq_expr                      转到状态 69
    cmp_expr                     转到状态 70
    add_expr                     转到状态 71
    mul_expr                     转到状态 72
    unary_expr                   转到状态 73
    left_expr                    转到状态 74
    prim_expr                    转到状态 75
    constant                     转到状态 76


State 212

   52 for_stmt: FOR '(' assign_list ';' bool_expr ';' . assign_list ')' '{' stmts '}'

    IDENTIFIER       shift, and go to state 51
    CONSTANT_BOOL    shift, and go to state 52
    CONSTANT_INT     shift, and go to state 53
    CONSTANT_STRING  shift, and go to state 54
    BOOL             shift, and go to state 16
    INT              shift, and go to state 17
    STRING           shift, and go to state 18
    NIL              shift, and go to state 55
    VOID             shift, and go to state 19
    CLASS            shift, and go to state 20
    NEW              shift, and go to state 56
    THIS             shift, and go to state 57
    READINTEGER      shift, and go to state 58
    READLINE         shift, and go to state 59
    '('              shift, and go to state 89
    '+'              shift, and go to state 61
    '-'              shift, and go to state 62
    '!'              shift, and go to state 63

    $default  reduce using rule 66 (assign_list)

    type                转到状态 64
    func_anonymous_def  转到状态 65
    assign_expr         转到状态 194
    assign_list         转到状态 215
    assign_list_body    转到状态 196
    or_expr             转到状态 67
    and_expr            转到状态 68
    eq_expr             转到状态 69
    cmp_expr            转到状态 70
    add_expr            转到状态 71
    mul_expr            转到状态 72
    unary_expr          转到状态 73
    left_expr           转到状态 74
    prim_expr           转到状态 75
    constant            转到状态 76


State 213

   38 stmts: stmts . stmt
   51 while_stmt: WHILE '(' bool_expr ')' '{' stmts . '}'

    IDENTIFIER       shift, and go to state 51
    CONSTANT_BOOL    shift, and go to state 52
    CONSTANT_INT     shift, and go to state 53
    CONSTANT_STRING  shift, and go to state 54
    BOOL             shift, and go to state 16
    INT              shift, and go to state 17
    STRING           shift, and go to state 18
    NIL              shift, and go to state 55
    VOID             shift, and go to state 19
    CLASS            shift, and go to state 20
    NEW              shift, and go to state 56
    THIS             shift, and go to state 57
    IF               shift, and go to state 164
    FOR              shift, and go to state 165
    WHILE            shift, and go to state 166
    RETURN           shift, and go to state 167
    PRINT            shift, and go to state 168
    READINTEGER      shift, and go to state 58
    READLINE         shift, and go to state 59
    '('              shift, and go to state 89
    '}'              shift, and go to state 216
    ';'              shift, and go to state 170
    '+'              shift, and go to state 61
    '-'              shift, and go to state 62
    '!'              shift, and go to state 63

    var_def                      转到状态 171
    var_without_initializer_def  转到状态 25
    var_with_initializer_def     转到状态 26
    var_without_initializer      转到状态 172
    var_with_initializer         转到状态 28
    type                         转到状态 29
    func_anonymous_def           转到状态 65
    stmt                         转到状态 173
    expr_stmt                    转到状态 174
    if_stmt                      转到状态 175
    while_stmt                   转到状态 176
    for_stmt                     转到状态 177
    return_stmt                  转到状态 178
    print_stmt                   转到状态 179
    expr                         转到状态 180
    assign_expr                  转到状态 92
    or_expr                      转到状态 67
    and_expr                     转到状态 68
    eq_expr                      转到状态 69
    cmp_expr                     转到状态 70
    add_expr                     转到状态 71
    mul_expr                     转到状态 72
    unary_expr                   转到状态 73
    left_expr                    转到状态 74
    prim_expr                    转到状态 75
    constant                     转到状态 76


State 214

   49 if_stmt: IF '(' bool_expr ')' '{' stmts '}' .
   50        | IF '(' bool_expr ')' '{' stmts '}' . ELSE '{' stmts '}'

    ELSE  shift, and go to state 217

    $default  reduce using rule 49 (if_stmt)


State 215

   52 for_stmt: FOR '(' assign_list ';' bool_expr ';' assign_list . ')' '{' stmts '}'

    ')'  shift, and go to state 218


State 216

   51 while_stmt: WHILE '(' bool_expr ')' '{' stmts '}' .

    $default  reduce using rule 51 (while_stmt)


State 217

   50 if_stmt: IF '(' bool_expr ')' '{' stmts '}' ELSE . '{' stmts '}'

    '{'  shift, and go to state 219


State 218

   52 for_stmt: FOR '(' assign_list ';' bool_expr ';' assign_list ')' . '{' stmts '}'

    '{'  shift, and go to state 220


State 219

   50 if_stmt: IF '(' bool_expr ')' '{' stmts '}' ELSE '{' . stmts '}'

    $default  reduce using rule 39 (stmts)

    stmts  转到状态 221


State 220

   52 for_stmt: FOR '(' assign_list ';' bool_expr ';' assign_list ')' '{' . stmts '}'

    $default  reduce using rule 39 (stmts)

    stmts  转到状态 222


State 221

   38 stmts: stmts . stmt
   50 if_stmt: IF '(' bool_expr ')' '{' stmts '}' ELSE '{' stmts . '}'

    IDENTIFIER       shift, and go to state 51
    CONSTANT_BOOL    shift, and go to state 52
    CONSTANT_INT     shift, and go to state 53
    CONSTANT_STRING  shift, and go to state 54
    BOOL             shift, and go to state 16
    INT              shift, and go to state 17
    STRING           shift, and go to state 18
    NIL              shift, and go to state 55
    VOID             shift, and go to state 19
    CLASS            shift, and go to state 20
    NEW              shift, and go to state 56
    THIS             shift, and go to state 57
    IF               shift, and go to state 164
    FOR              shift, and go to state 165
    WHILE            shift, and go to state 166
    RETURN           shift, and go to state 167
    PRINT            shift, and go to state 168
    READINTEGER      shift, and go to state 58
    READLINE         shift, and go to state 59
    '('              shift, and go to state 89
    '}'              shift, and go to state 223
    ';'              shift, and go to state 170
    '+'              shift, and go to state 61
    '-'              shift, and go to state 62
    '!'              shift, and go to state 63

    var_def                      转到状态 171
    var_without_initializer_def  转到状态 25
    var_with_initializer_def     转到状态 26
    var_without_initializer      转到状态 172
    var_with_initializer         转到状态 28
    type                         转到状态 29
    func_anonymous_def           转到状态 65
    stmt                         转到状态 173
    expr_stmt                    转到状态 174
    if_stmt                      转到状态 175
    while_stmt                   转到状态 176
    for_stmt                     转到状态 177
    return_stmt                  转到状态 178
    print_stmt                   转到状态 179
    expr                         转到状态 180
    assign_expr                  转到状态 92
    or_expr                      转到状态 67
    and_expr                     转到状态 68
    eq_expr                      转到状态 69
    cmp_expr                     转到状态 70
    add_expr                     转到状态 71
    mul_expr                     转到状态 72
    unary_expr                   转到状态 73
    left_expr                    转到状态 74
    prim_expr                    转到状态 75
    constant                     转到状态 76


State 222

   38 stmts: stmts . stmt
   52 for_stmt: FOR '(' assign_list ';' bool_expr ';' assign_list ')' '{' stmts . '}'

    IDENTIFIER       shift, and go to state 51
    CONSTANT_BOOL    shift, and go to state 52
    CONSTANT_INT     shift, and go to state 53
    CONSTANT_STRING  shift, and go to state 54
    BOOL             shift, and go to state 16
    INT              shift, and go to state 17
    STRING           shift, and go to state 18
    NIL              shift, and go to state 55
    VOID             shift, and go to state 19
    CLASS            shift, and go to state 20
    NEW              shift, and go to state 56
    THIS             shift, and go to state 57
    IF               shift, and go to state 164
    FOR              shift, and go to state 165
    WHILE            shift, and go to state 166
    RETURN           shift, and go to state 167
    PRINT            shift, and go to state 168
    READINTEGER      shift, and go to state 58
    READLINE         shift, and go to state 59
    '('              shift, and go to state 89
    '}'              shift, and go to state 224
    ';'              shift, and go to state 170
    '+'              shift, and go to state 61
    '-'              shift, and go to state 62
    '!'              shift, and go to state 63

    var_def                      转到状态 171
    var_without_initializer_def  转到状态 25
    var_with_initializer_def     转到状态 26
    var_without_initializer      转到状态 172
    var_with_initializer         转到状态 28
    type                         转到状态 29
    func_anonymous_def           转到状态 65
    stmt                         转到状态 173
    expr_stmt                    转到状态 174
    if_stmt                      转到状态 175
    while_stmt                   转到状态 176
    for_stmt                     转到状态 177
    return_stmt                  转到状态 178
    print_stmt                   转到状态 179
    expr                         转到状态 180
    assign_expr                  转到状态 92
    or_expr                      转到状态 67
    and_expr                     转到状态 68
    eq_expr                      转到状态 69
    cmp_expr                     转到状态 70
    add_expr                     转到状态 71
    mul_expr                     转到状态 72
    unary_expr                   转到状态 73
    left_expr                    转到状态 74
    prim_expr                    转到状态 75
    constant                     转到状态 76


State 223

   50 if_stmt: IF '(' bool_expr ')' '{' stmts '}' ELSE '{' stmts '}' .

    $default  reduce using rule 50 (if_stmt)


State 224

   52 for_stmt: FOR '(' assign_list ';' bool_expr ';' assign_list ')' '{' stmts '}' .

    $default  reduce using rule 52 (for_stmt)
